<?xml version="1.0" encoding="UTF-8"?>
<testng-results skipped="0" failed="0" ignored="0" total="1" passed="1">
  <reporter-output>
  </reporter-output>
  <suite name="Default suite" duration-ms="42119" started-at="2020-09-20T12:25:34Z" finished-at="2020-09-20T12:26:16Z">
    <groups>
    </groups>
    <test name="Default test" duration-ms="42119" started-at="2020-09-20T12:25:34Z" finished-at="2020-09-20T12:26:16Z">
      <class name="pkg.AddToCart">
        <test-method status="PASS" signature="beforeMethod()[pri:0, instance:pkg.AddToCart@2f686d1f]" name="beforeMethod" is-config="true" duration-ms="42050" started-at="2020-09-20T12:25:34Z" finished-at="2020-09-20T12:26:16Z">
          <reporter-output>
          </reporter-output>
        </test-method> <!-- beforeMethod -->
        <test-method status="PASS" signature="f()[pri:0, instance:pkg.AddToCart@2f686d1f]" name="f" duration-ms="13" started-at="2020-09-20T12:26:16Z" finished-at="2020-09-20T12:26:16Z">
          <reporter-output>
          </reporter-output>
        </test-method> <!-- f -->
      </class> <!-- pkg.AddToCart -->
    </test> <!-- Default test -->
  </suite> <!-- Default suite -->
</testng-results>
